17:56:52 INFO  : Registering command handlers for SDK TCF services
17:56:53 INFO  : Restoring local repository preferences: 
		 /home/mitchellorsucci/Xilinx/plnx/tools/hsm/data/embeddedsw
		 /opt/pkg/petalinux/tools/hsm/data/embeddedsw
17:56:53 WARN  : Invalid repository path /opt/pkg/petalinux/tools/hsm/data/embeddedsw.
17:56:53 WARN  : Invalid repository path /home/mitchellorsucci/Xilinx/plnx/tools/hsm/data/embeddedsw.
17:56:53 INFO  : Adding '/opt/petalinux/2017.2/tools/hsm/data/embeddedsw' as a new local repository.
17:56:54 INFO  : Result from executing command 'getProjects': fsbl_hwproj
17:56:54 INFO  : Result from executing command 'getProjects': fsbl_bsp
17:56:54 INFO  : Result from executing command 'getProjects': fsbl
17:56:56 INFO  : SDK has detected change in the last modified timestamps for source hardware specification file Source:1513875364000,  Project:1508463571000
17:56:57 INFO  : Copied contents of /home/pjcuadra/ws/git/Petalinux-Arty-Z7-20/Arty-Z7-20/build/tmp/deploy/images/plnx_arm/Xilinx-plnx_arm.hdf into /fsbl_hwproj/system.hdf.
17:57:02 INFO  : Synchronizing projects in the workspace with the hardware platform specification changes.
17:57:02 ERROR : Failed to call sync_sw_with_hw_change
Reason: ERROR: [Common 17-39] 'hsi::open_sw_design' failed due to earlier errors.

17:57:02 ERROR : Error updating BSP project MSS files.
17:57:03 INFO  : Updating hardware inferred compiler options for fsbl.
17:57:03 INFO  : Clearing existing target manager status.
17:57:07 INFO  : Workspace synchronized with the new hardware specification file. Cleaning dependent projects...
17:57:07 WARN  : Linker script will not be updated automatically. Users need to update it manually.
17:57:07 INFO  : Result from executing command 'getDefinitions': {assembler-flags={description=Miscellaneous flags for assembler , props=add set}, build-config={values=Debug,Release, description=Get/set build configuration, props=set}, library-search-path={description=Search path for the libraries added, props=add remove}, compiler-misc={description=Compiler miscellaneous flags, props=add set}, define-compiler-symbols={description=Define symbols. Ex. MYSYMBOL, props=add remove}, compiler-optimization={values=None (-O0), Optimize (-O1), Optimize more (-O2), Optimize most (-O3), Optimize for size (-Os), description=Optimization level, props=set}, libraries={description=Libraries to be added while linking, props=add remove}, undef-compiler-symbols={description=Undefine symbols. Ex. MYSYMBOL, props=add remove}, linker-misc={description=Linker miscellaneous flags, props=add set}, include-path={description=Include path for header files, props=add remove}, linker-script={description=Linker script for linking the program sections, props=set}}
17:57:07 INFO  : Result from executing command 'getProjects': fsbl;fsbl_bsp;fsbl_hwproj
17:57:07 INFO  : Result from executing command 'set': null
17:57:07 INFO  : Result from executing command 'getProjects': fsbl;fsbl_bsp;fsbl_hwproj
17:57:07 INFO  : Result from executing command 'getProjects': fsbl;fsbl_bsp;fsbl_hwproj
17:57:07 INFO  : Result from executing command 'getProjects': fsbl;fsbl_bsp;fsbl_hwproj
17:57:07 INFO  : Result from executing command 'getProjects': fsbl;fsbl_bsp;fsbl_hwproj
17:57:07 INFO  : Result from executing command 'getProjects': fsbl;fsbl_bsp;fsbl_hwproj
17:57:07 INFO  : Result from executing command 'getProjects': fsbl;fsbl_bsp;fsbl_hwproj
17:57:08 ERROR : Unexpected error while parsing XMD response ￿: com.google.gson.JsonSyntaxException: com.google.gson.stream.MalformedJsonException: invalid number or unquoted string near 
17:57:17 INFO  : Registering command handlers for SDK TCF services
